c:\users\microsoft windows\desktop\programming_lesson_06\programming_lesson_06\trainingframework\debug-amd\vc140.pdb
c:\users\microsoft windows\desktop\programming_lesson_06\programming_lesson_06\trainingframework\debug-amd\vc140.idb
c:\users\microsoft windows\desktop\programming_lesson_06\programming_lesson_06\trainingframework\debug-amd\application.obj
c:\users\microsoft windows\desktop\programming_lesson_06\programming_lesson_06\trainingframework\debug-amd\resourcemanagers.obj
c:\users\microsoft windows\desktop\programming_lesson_06\programming_lesson_06\trainingframework\debug-amd\font.obj
c:\users\microsoft windows\desktop\programming_lesson_06\programming_lesson_06\trainingframework\debug-amd\gamebutton.obj
c:\users\microsoft windows\desktop\programming_lesson_06\programming_lesson_06\trainingframework\debug-amd\sprite2d.obj
c:\users\microsoft windows\desktop\programming_lesson_06\programming_lesson_06\trainingframework\debug-amd\camera.obj
c:\users\microsoft windows\desktop\programming_lesson_06\programming_lesson_06\trainingframework\debug-amd\sprite3d.obj
c:\users\microsoft windows\desktop\programming_lesson_06\programming_lesson_06\trainingframework\debug-amd\models.obj
c:\users\microsoft windows\desktop\programming_lesson_06\programming_lesson_06\trainingframework\debug-amd\shaders.obj
c:\users\microsoft windows\desktop\programming_lesson_06\programming_lesson_06\trainingframework\debug-amd\text.obj
c:\users\microsoft windows\desktop\programming_lesson_06\programming_lesson_06\trainingframework\debug-amd\texture.obj
c:\users\microsoft windows\desktop\programming_lesson_06\programming_lesson_06\trainingframework\debug-amd\gamestatebase.obj
c:\users\microsoft windows\desktop\programming_lesson_06\programming_lesson_06\trainingframework\debug-amd\gamestatemachine.obj
c:\users\microsoft windows\desktop\programming_lesson_06\programming_lesson_06\trainingframework\debug-amd\gsintro.obj
c:\users\microsoft windows\desktop\programming_lesson_06\programming_lesson_06\trainingframework\debug-amd\gsmenu.obj
c:\users\microsoft windows\desktop\programming_lesson_06\programming_lesson_06\trainingframework\debug-amd\gsplay.obj
c:\users\microsoft windows\desktop\programming_lesson_06\programming_lesson_06\trainingframework\debug-amd\trainingframework.obj
c:\users\microsoft windows\desktop\programming_lesson_06\programming_lesson_06\\bin-amd\trainingframework.pdb
c:\users\microsoft windows\desktop\programming_lesson_06\programming_lesson_06\\bin-amd\trainingframework.exe
c:\users\microsoft windows\desktop\programming_lesson_06\programming_lesson_06\\bin-amd\trainingframework.ilk
c:\users\microsoft windows\desktop\programming_lesson_06\programming_lesson_06\trainingframework\debug-amd\training.fc024ec8.tlog\cl.command.1.tlog
c:\users\microsoft windows\desktop\programming_lesson_06\programming_lesson_06\trainingframework\debug-amd\training.fc024ec8.tlog\cl.read.1.tlog
c:\users\microsoft windows\desktop\programming_lesson_06\programming_lesson_06\trainingframework\debug-amd\training.fc024ec8.tlog\cl.write.1.tlog
