  GSPlay.cpp
c:\users\microsoft windows\desktop\programming_lesson_06\trainingframework\src\gamestates\gsplay.cpp(95): warning C4244: 'argument': conversion from 'int' to 'GLfloat', possible loss of data
c:\users\microsoft windows\desktop\programming_lesson_06\trainingframework\src\gamestates\gsplay.cpp(100): warning C4244: 'argument': conversion from 'int' to 'GLfloat', possible loss of data
c:\users\microsoft windows\desktop\programming_lesson_06\trainingframework\src\gamestates\gsplay.cpp(100): warning C4244: 'argument': conversion from 'double' to 'GLfloat', possible loss of data
c:\users\microsoft windows\desktop\programming_lesson_06\trainingframework\src\gamestates\gsplay.cpp(124): warning C4244: 'argument': conversion from 'int' to 'GLfloat', possible loss of data
c:\users\microsoft windows\desktop\programming_lesson_06\trainingframework\src\gamestates\gsplay.cpp(178): warning C4244: 'argument': conversion from 'int' to 'GLfloat', possible loss of data
c:\users\microsoft windows\desktop\programming_lesson_06\trainingframework\src\gamestates\gsplay.cpp(195): warning C4244: 'argument': conversion from 'int' to 'GLfloat', possible loss of data
c:\users\microsoft windows\desktop\programming_lesson_06\trainingframework\src\gamestates\gsplay.cpp(308): warning C4244: '=': conversion from 'float' to 'int', possible loss of data
c:\users\microsoft windows\desktop\programming_lesson_06\trainingframework\src\gamestates\gsplay.cpp(310): warning C4244: '=': conversion from 'float' to 'int', possible loss of data
c:\users\microsoft windows\desktop\programming_lesson_06\trainingframework\src\gamestates\gsplay.cpp(313): warning C4244: '=': conversion from 'float' to 'int', possible loss of data
c:\users\microsoft windows\desktop\programming_lesson_06\trainingframework\src\gamestates\gsplay.cpp(317): warning C4244: '=': conversion from 'float' to 'int', possible loss of data
c:\users\microsoft windows\desktop\programming_lesson_06\trainingframework\src\gamestates\gsplay.cpp(320): warning C4244: '=': conversion from 'float' to 'int', possible loss of data
c:\users\microsoft windows\desktop\programming_lesson_06\trainingframework\src\gamestates\gsplay.cpp(345): warning C4244: '=': conversion from 'float' to 'int', possible loss of data
c:\users\microsoft windows\desktop\programming_lesson_06\trainingframework\src\gamestates\gsplay.cpp(390): warning C4244: '=': conversion from 'float' to 'int', possible loss of data
c:\users\microsoft windows\desktop\programming_lesson_06\trainingframework\src\gamestates\gsplay.cpp(401): warning C4244: '=': conversion from 'float' to 'int', possible loss of data
c:\users\microsoft windows\desktop\programming_lesson_06\trainingframework\src\gamestates\gsplay.cpp(421): warning C4244: '=': conversion from 'float' to 'int', possible loss of data
c:\users\microsoft windows\desktop\programming_lesson_06\trainingframework\src\gamestates\gsplay.cpp(436): warning C4244: 'initializing': conversion from 'GLfloat' to 'int', possible loss of data
c:\users\microsoft windows\desktop\programming_lesson_06\trainingframework\src\gamestates\gsplay.cpp(437): warning C4244: 'initializing': conversion from 'GLfloat' to 'int', possible loss of data
c:\users\microsoft windows\desktop\programming_lesson_06\trainingframework\src\gamestates\gsplay.cpp(457): warning C4244: 'initializing': conversion from 'GLfloat' to 'int', possible loss of data
c:\users\microsoft windows\desktop\programming_lesson_06\trainingframework\src\gamestates\gsplay.cpp(458): warning C4244: 'initializing': conversion from 'GLfloat' to 'int', possible loss of data
c:\users\microsoft windows\desktop\programming_lesson_06\trainingframework\src\gamestates\gsplay.cpp(467): warning C4244: 'initializing': conversion from 'GLfloat' to 'int', possible loss of data
c:\users\microsoft windows\desktop\programming_lesson_06\trainingframework\src\gamestates\gsplay.cpp(468): warning C4244: 'initializing': conversion from 'GLfloat' to 'int', possible loss of data
c:\program files (x86)\microsoft visual studio 14.0\vc\include\memory(901): warning C4244: 'argument': conversion from 'double' to 'float', possible loss of data
  c:\program files (x86)\microsoft visual studio 14.0\vc\include\memory(971): note: see reference to function template instantiation 'std::_Ref_count_obj<_Ty>::_Ref_count_obj<std::shared_ptr<Shaders>&,std::shared_ptr<Font>&,std::basic_string<char,std::char_traits<char>,std::allocator<char>>,TEXT_COLOR,double>(std::shared_ptr<Shaders> &,std::shared_ptr<Font> &,std::basic_string<char,std::char_traits<char>,std::allocator<char>> &&,TEXT_COLOR &&,double &&)' being compiled
          with
          [
              _Ty=Text
          ]
  c:\program files (x86)\microsoft visual studio 14.0\vc\include\memory(971): note: see reference to function template instantiation 'std::_Ref_count_obj<_Ty>::_Ref_count_obj<std::shared_ptr<Shaders>&,std::shared_ptr<Font>&,std::basic_string<char,std::char_traits<char>,std::allocator<char>>,TEXT_COLOR,double>(std::shared_ptr<Shaders> &,std::shared_ptr<Font> &,std::basic_string<char,std::char_traits<char>,std::allocator<char>> &&,TEXT_COLOR &&,double &&)' being compiled
          with
          [
              _Ty=Text
          ]
  c:\users\microsoft windows\desktop\programming_lesson_06\trainingframework\src\gamestates\gsplay.cpp(225): note: see reference to function template instantiation 'std::shared_ptr<Text> std::make_shared<Text,std::shared_ptr<Shaders>&,std::shared_ptr<Font>&,std::string,TEXT_COLOR,double>(std::shared_ptr<Shaders> &,std::shared_ptr<Font> &,std::string &&,TEXT_COLOR &&,double &&)' being compiled
  TrainingFramework.vcxproj -> C:\Users\Microsoft Windows\Desktop\Programming_lesson_06\\BIN-Nvidia\TrainingFramework.exe
  TrainingFramework.vcxproj -> C:\Users\Microsoft Windows\Desktop\Programming_lesson_06\\BIN-Nvidia\TrainingFramework.pdb (Full PDB)
