c:\users\microsoft windows\desktop\programming_lesson_06\trainingframework\debug-nvidia\vc140.pdb
c:\users\microsoft windows\desktop\programming_lesson_06\trainingframework\debug-nvidia\vc140.idb
c:\users\microsoft windows\desktop\programming_lesson_06\trainingframework\debug-nvidia\font.obj
c:\users\microsoft windows\desktop\programming_lesson_06\trainingframework\debug-nvidia\gamebutton.obj
c:\users\microsoft windows\desktop\programming_lesson_06\trainingframework\debug-nvidia\hero.obj
c:\users\microsoft windows\desktop\programming_lesson_06\trainingframework\debug-nvidia\obstacle.obj
c:\users\microsoft windows\desktop\programming_lesson_06\trainingframework\debug-nvidia\sprite2d.obj
c:\users\microsoft windows\desktop\programming_lesson_06\trainingframework\debug-nvidia\camera.obj
c:\users\microsoft windows\desktop\programming_lesson_06\trainingframework\debug-nvidia\sprite3d.obj
c:\users\microsoft windows\desktop\programming_lesson_06\trainingframework\debug-nvidia\models.obj
c:\users\microsoft windows\desktop\programming_lesson_06\trainingframework\debug-nvidia\shaders.obj
c:\users\microsoft windows\desktop\programming_lesson_06\trainingframework\debug-nvidia\spriteanimation.obj
c:\users\microsoft windows\desktop\programming_lesson_06\trainingframework\debug-nvidia\text.obj
c:\users\microsoft windows\desktop\programming_lesson_06\trainingframework\debug-nvidia\texture.obj
c:\users\microsoft windows\desktop\programming_lesson_06\trainingframework\debug-nvidia\gsgameover.obj
c:\users\microsoft windows\desktop\programming_lesson_06\trainingframework\debug-nvidia\gamestatebase.obj
c:\users\microsoft windows\desktop\programming_lesson_06\trainingframework\debug-nvidia\gamestatemachine.obj
c:\users\microsoft windows\desktop\programming_lesson_06\trainingframework\debug-nvidia\gshighscore.obj
c:\users\microsoft windows\desktop\programming_lesson_06\trainingframework\debug-nvidia\gsintro.obj
c:\users\microsoft windows\desktop\programming_lesson_06\trainingframework\debug-nvidia\gsmenu.obj
c:\users\microsoft windows\desktop\programming_lesson_06\trainingframework\debug-nvidia\gsplay.obj
c:\users\microsoft windows\desktop\programming_lesson_06\trainingframework\debug-nvidia\trainingframework.obj
c:\users\microsoft windows\desktop\programming_lesson_06\trainingframework\debug-nvidia\application.obj
c:\users\microsoft windows\desktop\programming_lesson_06\trainingframework\debug-nvidia\resourcemanagers.obj
c:\users\microsoft windows\desktop\programming_lesson_06\trainingframework\debug-nvidia\coin.obj
c:\users\microsoft windows\desktop\programming_lesson_06\bin-nvidia\trainingframework.ilk
c:\users\microsoft windows\desktop\programming_lesson_06\bin-nvidia\trainingframework.exe
c:\users\microsoft windows\desktop\programming_lesson_06\bin-nvidia\trainingframework.pdb
c:\users\microsoft windows\desktop\programming_lesson_06\trainingframework\debug-nvidia\trainingframework.vcxprojresolveassemblyreference.cache
c:\users\microsoft windows\desktop\programming_lesson_06\\bin-nvidia\trainingframework.pdb
c:\users\microsoft windows\desktop\programming_lesson_06\\bin-nvidia\trainingframework.exe
c:\users\microsoft windows\desktop\programming_lesson_06\\bin-nvidia\trainingframework.ilk
c:\users\microsoft windows\desktop\programming_lesson_06\trainingframework\debug-nvidia\training.fc024ec8.tlog\cl.command.1.tlog
c:\users\microsoft windows\desktop\programming_lesson_06\trainingframework\debug-nvidia\training.fc024ec8.tlog\cl.read.1.tlog
c:\users\microsoft windows\desktop\programming_lesson_06\trainingframework\debug-nvidia\training.fc024ec8.tlog\cl.write.1.tlog
c:\users\microsoft windows\desktop\programming_lesson_06\trainingframework\debug-nvidia\training.fc024ec8.tlog\link.command.1.tlog
c:\users\microsoft windows\desktop\programming_lesson_06\trainingframework\debug-nvidia\training.fc024ec8.tlog\link.read.1.tlog
c:\users\microsoft windows\desktop\programming_lesson_06\trainingframework\debug-nvidia\training.fc024ec8.tlog\link.write.1.tlog
